<<<<<<< HEAD
[1119/092445.199:ERROR:directory_reader_win.cc(43)] FindFirstFile: 系统找不到指定的路径。 (0x3)
[1121/111609.530:ERROR:directory_reader_win.cc(43)] FindFirstFile: 系统找不到指定的路径。 (0x3)
[1123/183143.742:ERROR:directory_reader_win.cc(43)] FindFirstFile: 系统找不到指定的路径。 (0x3)
[1123/190551.905:ERROR:directory_reader_win.cc(43)] FindFirstFile: 系统找不到指定的路径。 (0x3)
[1123/213208.320:ERROR:directory_reader_win.cc(43)] FindFirstFile: 系统找不到指定的路径。 (0x3)
[1124/160659.297:ERROR:directory_reader_win.cc(43)] FindFirstFile: 系统找不到指定的路径。 (0x3)
[1201/164215.266:ERROR:directory_reader_win.cc(43)] FindFirstFile: 系统找不到指定的路径。 (0x3)
[1202/092906.687:ERROR:directory_reader_win.cc(43)] FindFirstFile: 系统找不到指定的路径。 (0x3)
=======
[1119/092445.199:ERROR:directory_reader_win.cc(43)] FindFirstFile: 系统锟揭诧拷锟斤拷指锟斤拷锟斤拷路锟斤拷锟斤拷 (0x3)
[1121/111609.530:ERROR:directory_reader_win.cc(43)] FindFirstFile: 系统锟揭诧拷锟斤拷指锟斤拷锟斤拷路锟斤拷锟斤拷 (0x3)
[1123/183143.742:ERROR:directory_reader_win.cc(43)] FindFirstFile: 系统锟揭诧拷锟斤拷指锟斤拷锟斤拷路锟斤拷锟斤拷 (0x3)
[1123/190551.905:ERROR:directory_reader_win.cc(43)] FindFirstFile: 系统锟揭诧拷锟斤拷指锟斤拷锟斤拷路锟斤拷锟斤拷 (0x3)
[1123/213208.320:ERROR:directory_reader_win.cc(43)] FindFirstFile: 系统锟揭诧拷锟斤拷指锟斤拷锟斤拷路锟斤拷锟斤拷 (0x3)
[1124/160659.297:ERROR:directory_reader_win.cc(43)] FindFirstFile: 系统锟揭诧拷锟斤拷指锟斤拷锟斤拷路锟斤拷锟斤拷 (0x3)
>>>>>>> 3c9bf08928fba20144b9a9269c218979666481fc
[1203/102230.995:ERROR:directory_reader_win.cc(43)] FindFirstFile: 系统找不到指定的路径。 (0x3)
[1207/144235.379:ERROR:directory_reader_win.cc(43)] FindFirstFile: 系统找不到指定的路径。 (0x3)
[1208/093313.392:ERROR:directory_reader_win.cc(43)] FindFirstFile: 系统找不到指定的路径。 (0x3)
[1209/092318.154:ERROR:directory_reader_win.cc(43)] FindFirstFile: 系统找不到指定的路径。 (0x3)
[1209/170519.638:ERROR:directory_reader_win.cc(43)] FindFirstFile: 系统找不到指定的路径。 (0x3)
[1218/092727.660:ERROR:directory_reader_win.cc(43)] FindFirstFile: 系统找不到指定的路径。 (0x3)
[1222/160947.734:ERROR:directory_reader_win.cc(43)] FindFirstFile: 系统找不到指定的路径。 (0x3)
<<<<<<< HEAD
[1228/095330.029:ERROR:directory_reader_win.cc(43)] FindFirstFile: 系统找不到指定的路径。 (0x3)
=======
[1229/094656.487:ERROR:directory_reader_win.cc(43)] FindFirstFile: 系统找不到指定的路径。 (0x3)
>>>>>>> 1680d8f39c3d2b1c79ed4aa8151efc34d1665a0f
[1229/182254.780:ERROR:directory_reader_win.cc(43)] FindFirstFile: 系统找不到指定的路径。 (0x3)
[0106/095242.929:ERROR:directory_reader_win.cc(43)] FindFirstFile: 系统找不到指定的路径。 (0x3)
